2026-02-09 16:45:25.430 +03:00 [DBG] Initializing Razor view compiler with compiled view: '/Views/Home/Archive.cshtml'.
2026-02-09 16:45:25.452 +03:00 [DBG] Initializing Razor view compiler with compiled view: '/Views/Home/CurrentTasks.cshtml'.
2026-02-09 16:45:25.453 +03:00 [DBG] Initializing Razor view compiler with compiled view: '/Views/Shared/_ValidationScriptsPartial.cshtml'.
2026-02-09 16:45:25.453 +03:00 [DBG] Initializing Razor view compiler with compiled view: '/Views/_ViewImports.cshtml'.
2026-02-09 16:45:25.454 +03:00 [DBG] Initializing Razor view compiler with compiled view: '/Views/_ViewStart.cshtml'.
2026-02-09 16:45:25.454 +03:00 [DBG] Initializing Razor view compiler with compiled view: '/Views/Shared/_Layout.cshtml'.
2026-02-09 16:45:25.462 +03:00 [DBG] Registered model binder providers, in the following order: ["Microsoft.AspNetCore.Mvc.ModelBinding.Binders.BinderTypeModelBinderProvider","Microsoft.AspNetCore.Mvc.ModelBinding.Binders.ServicesModelBinderProvider","Microsoft.AspNetCore.Mvc.ModelBinding.Binders.BodyModelBinderProvider","Microsoft.AspNetCore.Mvc.ModelBinding.Binders.HeaderModelBinderProvider","Microsoft.AspNetCore.Mvc.ModelBinding.Binders.FloatingPointTypeModelBinderProvider","Microsoft.AspNetCore.Mvc.ModelBinding.Binders.EnumTypeModelBinderProvider","Microsoft.AspNetCore.Mvc.ModelBinding.Binders.DateTimeModelBinderProvider","Microsoft.AspNetCore.Mvc.ModelBinding.Binders.SimpleTypeModelBinderProvider","Microsoft.AspNetCore.Mvc.ModelBinding.Binders.TryParseModelBinderProvider","Microsoft.AspNetCore.Mvc.ModelBinding.Binders.CancellationTokenModelBinderProvider","Microsoft.AspNetCore.Mvc.ModelBinding.Binders.ByteArrayModelBinderProvider","Microsoft.AspNetCore.Mvc.ModelBinding.Binders.FormFileModelBinderProvider","Microsoft.AspNetCore.Mvc.ModelBinding.Binders.FormCollectionModelBinderProvider","Microsoft.AspNetCore.Mvc.ModelBinding.Binders.KeyValuePairModelBinderProvider","Microsoft.AspNetCore.Mvc.ModelBinding.Binders.DictionaryModelBinderProvider","Microsoft.AspNetCore.Mvc.ModelBinding.Binders.ArrayModelBinderProvider","Microsoft.AspNetCore.Mvc.ModelBinding.Binders.CollectionModelBinderProvider","Microsoft.AspNetCore.Mvc.ModelBinding.Binders.ComplexObjectModelBinderProvider"]
2026-02-09 16:45:25.500 +03:00 [DBG] Hosting starting
2026-02-09 16:45:25.514 +03:00 [INF] User profile is available. Using 'C:\Users\degty\AppData\Local\ASP.NET\DataProtection-Keys' as key repository and Windows DPAPI to encrypt keys at rest.
2026-02-09 16:45:25.522 +03:00 [DBG] Reading data from file 'C:\Users\degty\AppData\Local\ASP.NET\DataProtection-Keys\key-d447e10e-f8e6-44b3-a4f8-dec61b6bdc55.xml'.
2026-02-09 16:45:25.527 +03:00 [DBG] Found key {d447e10e-f8e6-44b3-a4f8-dec61b6bdc55}.
2026-02-09 16:45:25.533 +03:00 [DBG] Considering key {d447e10e-f8e6-44b3-a4f8-dec61b6bdc55} with expiration date 2026-04-16 14:19:46Z as default key.
2026-02-09 16:45:25.534 +03:00 [DBG] Forwarded activator type request from Microsoft.AspNetCore.DataProtection.XmlEncryption.DpapiXmlDecryptor, Microsoft.AspNetCore.DataProtection, Version=10.0.0.0, Culture=neutral, PublicKeyToken=adb9793829ddae60 to Microsoft.AspNetCore.DataProtection.XmlEncryption.DpapiXmlDecryptor, Microsoft.AspNetCore.DataProtection, Culture=neutral, PublicKeyToken=adb9793829ddae60
2026-02-09 16:45:25.536 +03:00 [DBG] Decrypting secret element using Windows DPAPI.
2026-02-09 16:45:25.537 +03:00 [DBG] Forwarded activator type request from Microsoft.AspNetCore.DataProtection.AuthenticatedEncryption.ConfigurationModel.AuthenticatedEncryptorDescriptorDeserializer, Microsoft.AspNetCore.DataProtection, Version=10.0.0.0, Culture=neutral, PublicKeyToken=adb9793829ddae60 to Microsoft.AspNetCore.DataProtection.AuthenticatedEncryption.ConfigurationModel.AuthenticatedEncryptorDescriptorDeserializer, Microsoft.AspNetCore.DataProtection, Culture=neutral, PublicKeyToken=adb9793829ddae60
2026-02-09 16:45:25.539 +03:00 [DBG] Opening CNG algorithm 'AES' from provider 'null' with chaining mode CBC.
2026-02-09 16:45:25.540 +03:00 [DBG] Opening CNG algorithm 'SHA256' from provider 'null' with HMAC.
2026-02-09 16:45:25.541 +03:00 [DBG] Using key {d447e10e-f8e6-44b3-a4f8-dec61b6bdc55} as the default key.
2026-02-09 16:45:25.542 +03:00 [DBG] Key ring with default key {d447e10e-f8e6-44b3-a4f8-dec61b6bdc55} was loaded during application startup.
2026-02-09 16:45:25.546 +03:00 [DBG] Middleware loaded
2026-02-09 16:45:25.548 +03:00 [DBG] Middleware loaded. Script /_framework/aspnetcore-browser-refresh.js (16515 B).
2026-02-09 16:45:25.549 +03:00 [DBG] Middleware loaded. Script /_framework/blazor-hotreload.js (799 B).
2026-02-09 16:45:25.582 +03:00 [DBG] Middleware configuration started with options: {AllowedHosts = *, AllowEmptyHosts = True, IncludeFailureMessage = True}
2026-02-09 16:45:25.583 +03:00 [DBG] Wildcard detected, all requests with hosts will be allowed.
2026-02-09 16:45:25.588 +03:00 [DBG] Middleware loaded: DOTNET_MODIFIABLE_ASSEMBLIES=debug, __ASPNETCORE_BROWSER_TOOLS=true
2026-02-09 16:45:25.645 +03:00 [INF] Now listening on: https://localhost:7120
2026-02-09 16:45:25.646 +03:00 [INF] Now listening on: http://localhost:5221
2026-02-09 16:45:25.647 +03:00 [DBG] Loaded hosting startup assembly Task Management
2026-02-09 16:45:25.647 +03:00 [DBG] Loaded hosting startup assembly Microsoft.AspNetCore.Watch.BrowserRefresh
2026-02-09 16:45:25.648 +03:00 [DBG] Loaded hosting startup assembly Microsoft.WebTools.ApiEndpointDiscovery
2026-02-09 16:45:25.648 +03:00 [DBG] Loaded hosting startup assembly Microsoft.WebTools.BrowserLink.Net
2026-02-09 16:45:25.652 +03:00 [DBG] Executing API description provider 'EndpointMetadataApiDescriptionProvider' from assembly Microsoft.AspNetCore.Mvc.ApiExplorer v10.0.0.0.
2026-02-09 16:45:25.654 +03:00 [DBG] Executing API description provider 'DefaultApiDescriptionProvider' from assembly Microsoft.AspNetCore.Mvc.ApiExplorer v10.0.0.0.
2026-02-09 16:45:25.678 +03:00 [INF] Application started. Press Ctrl+C to shut down.
2026-02-09 16:45:25.678 +03:00 [INF] Hosting environment: Development
2026-02-09 16:45:25.679 +03:00 [INF] Content root path: E:\Study\LoggingAndTracing\Task Management\Task Management
2026-02-09 16:45:25.679 +03:00 [DBG] Hosting started
2026-02-09 16:45:25.945 +03:00 [DBG] Connection id "0HNJ7S5TDFDBM" accepted.
2026-02-09 16:45:25.945 +03:00 [DBG] Connection id "0HNJ7S5TDFDBL" accepted.
2026-02-09 16:45:25.946 +03:00 [DBG] Connection id "0HNJ7S5TDFDBM" started.
2026-02-09 16:45:25.946 +03:00 [DBG] Connection id "0HNJ7S5TDFDBL" started.
2026-02-09 16:45:25.962 +03:00 [DBG] Connection id "0HNJ7S5TDFDBL" received FIN.
2026-02-09 16:45:25.962 +03:00 [DBG] Connection id "0HNJ7S5TDFDBM" received FIN.
2026-02-09 16:45:25.969 +03:00 [DBG] Failed to authenticate HTTPS connection.
System.IO.IOException: Received an unexpected EOF or 0 bytes from the transport stream.
   at System.Net.Security.SslStream.ReceiveHandshakeFrameAsync[TIOAdapter](CancellationToken cancellationToken)
   at System.Net.Security.SslStream.ForceAuthenticationAsync[TIOAdapter](Boolean receiveFirst, Byte[] reAuthenticationData, CancellationToken cancellationToken)
   at System.Net.Security.SslStream.ProcessAuthenticationWithTelemetryAsync(Boolean isAsync, CancellationToken cancellationToken)
   at Microsoft.AspNetCore.Server.Kestrel.Https.Internal.HttpsConnectionMiddleware.OnConnectionAsync(ConnectionContext context)
2026-02-09 16:45:25.969 +03:00 [DBG] Failed to authenticate HTTPS connection.
System.IO.IOException: Received an unexpected EOF or 0 bytes from the transport stream.
   at System.Net.Security.SslStream.ReceiveHandshakeFrameAsync[TIOAdapter](CancellationToken cancellationToken)
   at System.Net.Security.SslStream.ForceAuthenticationAsync[TIOAdapter](Boolean receiveFirst, Byte[] reAuthenticationData, CancellationToken cancellationToken)
   at System.Net.Security.SslStream.ProcessAuthenticationWithTelemetryAsync(Boolean isAsync, CancellationToken cancellationToken)
   at Microsoft.AspNetCore.Server.Kestrel.Https.Internal.HttpsConnectionMiddleware.OnConnectionAsync(ConnectionContext context)
2026-02-09 16:45:25.987 +03:00 [DBG] Connection id "0HNJ7S5TDFDBM" stopped.
2026-02-09 16:45:25.987 +03:00 [DBG] Connection id "0HNJ7S5TDFDBL" stopped.
2026-02-09 16:45:25.989 +03:00 [DBG] Connection id "0HNJ7S5TDFDBL" sending FIN because: "The Socket transport's send loop completed gracefully."
2026-02-09 16:45:25.989 +03:00 [DBG] Connection id "0HNJ7S5TDFDBM" sending FIN because: "The Socket transport's send loop completed gracefully."
2026-02-09 16:45:27.313 +03:00 [DBG] Connection id "0HNJ7S5TDFDBN" accepted.
2026-02-09 16:45:27.313 +03:00 [DBG] Connection id "0HNJ7S5TDFDBN" started.
2026-02-09 16:45:27.332 +03:00 [DBG] Connection 0HNJ7S5TDFDBN established using the following protocol: "Tls13"
2026-02-09 16:45:27.360 +03:00 [INF] Request starting HTTP/2 GET https://localhost:7120/ - null null
2026-02-09 16:45:27.411 +03:00 [DBG] The request path / does not match a supported file type
2026-02-09 16:45:27.422 +03:00 [DBG] 1 candidate(s) found for the request path '/'
2026-02-09 16:45:27.423 +03:00 [DBG] Endpoint 'Task_Management.Controllers.HomeController.CurrentTasks (Task Management)' with route pattern '' is valid for the request path '/'
2026-02-09 16:45:27.424 +03:00 [DBG] Request matched endpoint 'Task_Management.Controllers.HomeController.CurrentTasks (Task Management)'
2026-02-09 16:45:27.426 +03:00 [INF] Executing endpoint 'Task_Management.Controllers.HomeController.CurrentTasks (Task Management)'
2026-02-09 16:45:27.442 +03:00 [INF] Route matched with {action = "CurrentTasks", controller = "Home"}. Executing controller action with signature Microsoft.AspNetCore.Mvc.IActionResult CurrentTasks() on controller Task_Management.Controllers.HomeController (Task Management).
2026-02-09 16:45:27.443 +03:00 [DBG] Execution plan of authorization filters (in the following order): ["None"]
2026-02-09 16:45:27.444 +03:00 [DBG] Execution plan of resource filters (in the following order): ["Microsoft.AspNetCore.Mvc.ViewFeatures.Filters.SaveTempDataFilter"]
2026-02-09 16:45:27.445 +03:00 [DBG] Execution plan of action filters (in the following order): ["Microsoft.AspNetCore.Mvc.Filters.ControllerActionFilter (Order: -2147483648)","Microsoft.AspNetCore.Mvc.ModelBinding.UnsupportedContentTypeFilter (Order: -3000)"]
2026-02-09 16:45:27.446 +03:00 [DBG] Execution plan of exception filters (in the following order): ["None"]
2026-02-09 16:45:27.447 +03:00 [DBG] Execution plan of result filters (in the following order): ["Microsoft.AspNetCore.Mvc.ViewFeatures.Filters.SaveTempDataFilter"]
2026-02-09 16:45:27.449 +03:00 [DBG] Executing controller factory for controller Task_Management.Controllers.HomeController (Task Management)
2026-02-09 16:45:27.450 +03:00 [DBG] Executed controller factory for controller Task_Management.Controllers.HomeController (Task Management)
2026-02-09 16:45:27.454 +03:00 [DBG] View lookup cache miss for view 'CurrentTasks' in controller 'Home'.
2026-02-09 16:45:27.457 +03:00 [INF] Executing ViewResult, running view CurrentTasks.
2026-02-09 16:45:27.460 +03:00 [DBG] The view path '/Views/Home/CurrentTasks.cshtml' was found in 4.4983ms.
2026-02-09 16:45:27.481 +03:00 [DBG] View lookup cache miss for view '_Layout' in controller 'Home'.
2026-02-09 16:45:27.508 +03:00 [DBG] Found the endpoints ["Task_Management.Controllers.HomeController.CurrentTasks (Task Management)","Route: {controller=Home}/{action=Index}/{id?}"] for address (action=[CurrentTasks],controller=[Home])
2026-02-09 16:45:27.511 +03:00 [DBG] Successfully processed template  for Task_Management.Controllers.HomeController.CurrentTasks (Task Management) resulting in  and 
2026-02-09 16:45:27.512 +03:00 [DBG] Link generation succeeded for endpoints ["Task_Management.Controllers.HomeController.CurrentTasks (Task Management)","Route: {controller=Home}/{action=Index}/{id?}"] with result /
2026-02-09 16:45:27.514 +03:00 [DBG] Found the endpoints ["Task_Management.Controllers.HomeController.CurrentTasks (Task Management)","Route: {controller=Home}/{action=Index}/{id?}"] for address (action=[CurrentTasks],controller=[Home])
2026-02-09 16:45:27.515 +03:00 [DBG] Successfully processed template  for Task_Management.Controllers.HomeController.CurrentTasks (Task Management) resulting in  and 
2026-02-09 16:45:27.516 +03:00 [DBG] Link generation succeeded for endpoints ["Task_Management.Controllers.HomeController.CurrentTasks (Task Management)","Route: {controller=Home}/{action=Index}/{id?}"] with result /
2026-02-09 16:45:27.517 +03:00 [DBG] Found the endpoints ["Route: {controller=Home}/{action=Index}/{id?}"] for address (action=[Archive],controller=[Home])
2026-02-09 16:45:27.518 +03:00 [DBG] Successfully processed template {controller=Home}/{action=Index}/{id?} for Route: {controller=Home}/{action=Index}/{id?} resulting in /Home/Archive and 
2026-02-09 16:45:27.519 +03:00 [DBG] Link generation succeeded for endpoints ["Route: {controller=Home}/{action=Index}/{id?}"] with result /Home/Archive
2026-02-09 16:45:27.523 +03:00 [DBG] Response markup is scheduled to include Browser Link script injection.
2026-02-09 16:45:27.528 +03:00 [DBG] Response markup is scheduled to include browser refresh script injection.
2026-02-09 16:45:27.538 +03:00 [INF] Executed ViewResult - view CurrentTasks executed in 84.5937ms.
2026-02-09 16:45:27.542 +03:00 [INF] Executed action Task_Management.Controllers.HomeController.CurrentTasks (Task Management) in 93.8423ms
2026-02-09 16:45:27.543 +03:00 [INF] Executed endpoint 'Task_Management.Controllers.HomeController.CurrentTasks (Task Management)'
2026-02-09 16:45:27.544 +03:00 [DBG] Response markup was updated to include Browser Link script injection.
2026-02-09 16:45:27.546 +03:00 [DBG] Response markup was updated to include browser refresh script injection.
2026-02-09 16:45:27.548 +03:00 [INF] Request finished HTTP/2 GET https://localhost:7120/ - 200 null text/html; charset=utf-8 191.7809ms
2026-02-09 16:45:27.558 +03:00 [INF] Request starting HTTP/2 GET https://localhost:7120/_framework/aspnetcore-browser-refresh.js - null null
2026-02-09 16:45:27.562 +03:00 [DBG] Script injected: /_framework/aspnetcore-browser-refresh.js
2026-02-09 16:45:27.563 +03:00 [INF] Request finished HTTP/2 GET https://localhost:7120/_framework/aspnetcore-browser-refresh.js - 200 16515 application/javascript; charset=utf-8 4.5562ms
2026-02-09 16:45:27.565 +03:00 [INF] Request starting HTTP/2 GET https://localhost:7120/_vs/browserLink - null null
2026-02-09 16:45:27.582 +03:00 [INF] Request starting HTTP/2 GET https://localhost:7120/api/Api/GetTasks - null null
2026-02-09 16:45:27.585 +03:00 [DBG] The request path /api/Api/GetTasks does not match a supported file type
2026-02-09 16:45:27.589 +03:00 [DBG] 1 candidate(s) found for the request path '/api/Api/GetTasks'
2026-02-09 16:45:27.590 +03:00 [INF] Request finished HTTP/2 GET https://localhost:7120/_vs/browserLink - 200 null text/javascript; charset=UTF-8 25.6187ms
2026-02-09 16:45:27.591 +03:00 [DBG] Endpoint 'Task_Management.Controllers.ApiController.GetTasks (Task Management)' with route pattern 'api/Api/GetTasks' is valid for the request path '/api/Api/GetTasks'
2026-02-09 16:45:27.595 +03:00 [DBG] Request matched endpoint 'Task_Management.Controllers.ApiController.GetTasks (Task Management)'
2026-02-09 16:45:27.596 +03:00 [INF] Executing endpoint 'Task_Management.Controllers.ApiController.GetTasks (Task Management)'
2026-02-09 16:45:27.603 +03:00 [INF] Route matched with {action = "GetTasks", controller = "Api"}. Executing controller action with signature Microsoft.AspNetCore.Mvc.IActionResult GetTasks(System.Nullable`1[System.Int32]) on controller Task_Management.Controllers.ApiController (Task Management).
2026-02-09 16:45:27.604 +03:00 [DBG] Execution plan of authorization filters (in the following order): ["None"]
2026-02-09 16:45:27.605 +03:00 [DBG] Execution plan of resource filters (in the following order): ["Microsoft.AspNetCore.Mvc.ViewFeatures.Filters.SaveTempDataFilter"]
2026-02-09 16:45:27.606 +03:00 [DBG] Execution plan of action filters (in the following order): ["Microsoft.AspNetCore.Mvc.ModelBinding.UnsupportedContentTypeFilter (Order: -3000)","Microsoft.AspNetCore.Mvc.Infrastructure.ModelStateInvalidFilter (Order: -2000)"]
2026-02-09 16:45:27.607 +03:00 [DBG] Execution plan of exception filters (in the following order): ["None"]
2026-02-09 16:45:27.607 +03:00 [DBG] Execution plan of result filters (in the following order): ["Microsoft.AspNetCore.Mvc.ViewFeatures.Filters.SaveTempDataFilter","Microsoft.AspNetCore.Mvc.Infrastructure.ClientErrorResultFilter (Order: -2000)"]
2026-02-09 16:45:27.608 +03:00 [DBG] Executing controller factory for controller Task_Management.Controllers.ApiController (Task Management)
2026-02-09 16:45:27.609 +03:00 [DBG] Executed controller factory for controller Task_Management.Controllers.ApiController (Task Management)
2026-02-09 16:45:27.612 +03:00 [DBG] Attempting to bind parameter 'statusid' of type 'System.Nullable`1[System.Int32]' ...
2026-02-09 16:45:27.614 +03:00 [DBG] Attempting to bind parameter 'statusid' of type 'System.Nullable`1[System.Int32]' using the name '' in request data ...
2026-02-09 16:45:27.616 +03:00 [DBG] Could not find a value in the request with name '' for binding parameter 'statusid' of type 'System.Nullable`1[System.Int32]'.
2026-02-09 16:45:27.616 +03:00 [DBG] Done attempting to bind parameter 'statusid' of type 'System.Nullable`1[System.Int32]'.
2026-02-09 16:45:27.617 +03:00 [DBG] Done attempting to bind parameter 'statusid' of type 'System.Nullable`1[System.Int32]'.
2026-02-09 16:45:27.618 +03:00 [DBG] Attempting to validate the bound parameter 'statusid' of type 'System.Nullable`1[System.Int32]' ...
2026-02-09 16:45:27.620 +03:00 [DBG] Done attempting to validate the bound parameter 'statusid' of type 'System.Nullable`1[System.Int32]'.
2026-02-09 16:45:27.777 +03:00 [INF] ["2026-02-09T13:45:27.6307832Z"] Успешно получено 10 задач.
2026-02-09 16:45:27.780 +03:00 [DBG] List of registered output formatters, in the following order: ["Microsoft.AspNetCore.Mvc.Formatters.HttpNoContentOutputFormatter","Microsoft.AspNetCore.Mvc.Formatters.StringOutputFormatter","Microsoft.AspNetCore.Mvc.Formatters.StreamOutputFormatter","Microsoft.AspNetCore.Mvc.Formatters.SystemTextJsonOutputFormatter"]
2026-02-09 16:45:27.782 +03:00 [DBG] No information found on request to perform content negotiation.
2026-02-09 16:45:27.783 +03:00 [DBG] Attempting to select an output formatter without using a content type as no explicit content types were specified for the response.
2026-02-09 16:45:27.783 +03:00 [DBG] Attempting to select the first formatter in the output formatters list which can write the result.
2026-02-09 16:45:27.784 +03:00 [DBG] Selected output formatter 'Microsoft.AspNetCore.Mvc.Formatters.SystemTextJsonOutputFormatter' and content type 'application/json' to write the response.
2026-02-09 16:45:27.785 +03:00 [INF] Executing OkObjectResult, writing value of type 'System.Collections.Generic.List`1[[Task_Management.Models.CurrentTask, Task Management, Version=1.0.0.0, Culture=neutral, PublicKeyToken=null]]'.
2026-02-09 16:45:27.791 +03:00 [INF] Executed action Task_Management.Controllers.ApiController.GetTasks (Task Management) in 183.5555ms
2026-02-09 16:45:27.792 +03:00 [INF] Executed endpoint 'Task_Management.Controllers.ApiController.GetTasks (Task Management)'
2026-02-09 16:45:27.793 +03:00 [INF] Request finished HTTP/2 GET https://localhost:7120/api/Api/GetTasks - 200 null application/json; charset=utf-8 210.9021ms
2026-02-09 16:45:32.183 +03:00 [INF] Request starting HTTP/2 POST https://localhost:7120/api/Api/CreateTask - application/json 152
2026-02-09 16:45:32.185 +03:00 [DBG] POST requests are not supported
2026-02-09 16:45:32.187 +03:00 [DBG] 1 candidate(s) found for the request path '/api/Api/CreateTask'
2026-02-09 16:45:32.187 +03:00 [DBG] Endpoint 'Task_Management.Controllers.ApiController.CreateTask (Task Management)' with route pattern 'api/Api/CreateTask' is valid for the request path '/api/Api/CreateTask'
2026-02-09 16:45:32.188 +03:00 [DBG] Request matched endpoint 'Task_Management.Controllers.ApiController.CreateTask (Task Management)'
2026-02-09 16:45:32.188 +03:00 [INF] Executing endpoint 'Task_Management.Controllers.ApiController.CreateTask (Task Management)'
2026-02-09 16:45:32.190 +03:00 [INF] Route matched with {action = "CreateTask", controller = "Api"}. Executing controller action with signature Microsoft.AspNetCore.Mvc.IActionResult CreateTask(Task_Management.Models.CurrentTask) on controller Task_Management.Controllers.ApiController (Task Management).
2026-02-09 16:45:32.191 +03:00 [DBG] Execution plan of authorization filters (in the following order): ["None"]
2026-02-09 16:45:32.192 +03:00 [DBG] Execution plan of resource filters (in the following order): ["Microsoft.AspNetCore.Mvc.ViewFeatures.Filters.SaveTempDataFilter"]
2026-02-09 16:45:32.192 +03:00 [DBG] Execution plan of action filters (in the following order): ["Microsoft.AspNetCore.Mvc.ModelBinding.UnsupportedContentTypeFilter (Order: -3000)","Microsoft.AspNetCore.Mvc.Infrastructure.ModelStateInvalidFilter (Order: -2000)"]
2026-02-09 16:45:32.193 +03:00 [DBG] Execution plan of exception filters (in the following order): ["None"]
2026-02-09 16:45:32.194 +03:00 [DBG] Execution plan of result filters (in the following order): ["Microsoft.AspNetCore.Mvc.ViewFeatures.Filters.SaveTempDataFilter","Microsoft.AspNetCore.Mvc.Infrastructure.ClientErrorResultFilter (Order: -2000)"]
2026-02-09 16:45:32.195 +03:00 [DBG] Executing controller factory for controller Task_Management.Controllers.ApiController (Task Management)
2026-02-09 16:45:32.195 +03:00 [DBG] Executed controller factory for controller Task_Management.Controllers.ApiController (Task Management)
2026-02-09 16:45:32.196 +03:00 [DBG] Attempting to bind parameter 'request' of type 'Task_Management.Models.CurrentTask' ...
2026-02-09 16:45:32.197 +03:00 [DBG] Attempting to bind parameter 'request' of type 'Task_Management.Models.CurrentTask' using the name '' in request data ...
2026-02-09 16:45:32.198 +03:00 [DBG] Selected input formatter 'Microsoft.AspNetCore.Mvc.Formatters.SystemTextJsonInputFormatter' for content type 'application/json'.
2026-02-09 16:45:32.201 +03:00 [DBG] Connection id "0HNJ7S5TDFDBN", Request id "0HNJ7S5TDFDBN:00000009": started reading request body.
2026-02-09 16:45:32.202 +03:00 [DBG] Connection id "0HNJ7S5TDFDBN", Request id "0HNJ7S5TDFDBN:00000009": done reading request body.
2026-02-09 16:45:32.205 +03:00 [DBG] JSON input formatter succeeded, deserializing to type 'Task_Management.Models.CurrentTask'
2026-02-09 16:45:32.206 +03:00 [DBG] Done attempting to bind parameter 'request' of type 'Task_Management.Models.CurrentTask'.
2026-02-09 16:45:32.207 +03:00 [DBG] Done attempting to bind parameter 'request' of type 'Task_Management.Models.CurrentTask'.
2026-02-09 16:45:32.207 +03:00 [DBG] Attempting to validate the bound parameter 'request' of type 'Task_Management.Models.CurrentTask' ...
2026-02-09 16:45:32.212 +03:00 [DBG] Done attempting to validate the bound parameter 'request' of type 'Task_Management.Models.CurrentTask'.
2026-02-09 16:45:32.227 +03:00 [INF] ["2026-02-09T13:45:32.2132215Z"] Задача успешно создана с TaskID=31.
2026-02-09 16:45:32.228 +03:00 [DBG] List of registered output formatters, in the following order: ["Microsoft.AspNetCore.Mvc.Formatters.HttpNoContentOutputFormatter","Microsoft.AspNetCore.Mvc.Formatters.StringOutputFormatter","Microsoft.AspNetCore.Mvc.Formatters.StreamOutputFormatter","Microsoft.AspNetCore.Mvc.Formatters.SystemTextJsonOutputFormatter"]
2026-02-09 16:45:32.229 +03:00 [DBG] No information found on request to perform content negotiation.
2026-02-09 16:45:32.230 +03:00 [DBG] Attempting to select an output formatter without using a content type as no explicit content types were specified for the response.
2026-02-09 16:45:32.230 +03:00 [DBG] Attempting to select the first formatter in the output formatters list which can write the result.
2026-02-09 16:45:32.231 +03:00 [DBG] Selected output formatter 'Microsoft.AspNetCore.Mvc.Formatters.SystemTextJsonOutputFormatter' and content type 'application/json' to write the response.
2026-02-09 16:45:32.231 +03:00 [INF] Executing OkObjectResult, writing value of type '<>f__AnonymousType0`2[[System.Object, System.Private.CoreLib, Version=10.0.0.0, Culture=neutral, PublicKeyToken=7cec85d7bea7798e],[System.String, System.Private.CoreLib, Version=10.0.0.0, Culture=neutral, PublicKeyToken=7cec85d7bea7798e]]'.
2026-02-09 16:45:32.236 +03:00 [INF] Executed action Task_Management.Controllers.ApiController.CreateTask (Task Management) in 41.0175ms
2026-02-09 16:45:32.236 +03:00 [INF] Executed endpoint 'Task_Management.Controllers.ApiController.CreateTask (Task Management)'
2026-02-09 16:45:32.237 +03:00 [INF] Request finished HTTP/2 POST https://localhost:7120/api/Api/CreateTask - 200 null application/json; charset=utf-8 53.7929ms
2026-02-09 16:45:33.597 +03:00 [INF] Request starting HTTP/2 GET https://localhost:7120/api/Api/GetTasks - null null
2026-02-09 16:45:33.599 +03:00 [DBG] The request path /api/Api/GetTasks does not match a supported file type
2026-02-09 16:45:33.600 +03:00 [DBG] 1 candidate(s) found for the request path '/api/Api/GetTasks'
2026-02-09 16:45:33.600 +03:00 [DBG] Endpoint 'Task_Management.Controllers.ApiController.GetTasks (Task Management)' with route pattern 'api/Api/GetTasks' is valid for the request path '/api/Api/GetTasks'
2026-02-09 16:45:33.601 +03:00 [DBG] Request matched endpoint 'Task_Management.Controllers.ApiController.GetTasks (Task Management)'
2026-02-09 16:45:33.602 +03:00 [INF] Executing endpoint 'Task_Management.Controllers.ApiController.GetTasks (Task Management)'
2026-02-09 16:45:33.602 +03:00 [INF] Route matched with {action = "GetTasks", controller = "Api"}. Executing controller action with signature Microsoft.AspNetCore.Mvc.IActionResult GetTasks(System.Nullable`1[System.Int32]) on controller Task_Management.Controllers.ApiController (Task Management).
2026-02-09 16:45:33.604 +03:00 [DBG] Execution plan of authorization filters (in the following order): ["None"]
2026-02-09 16:45:33.605 +03:00 [DBG] Execution plan of resource filters (in the following order): ["Microsoft.AspNetCore.Mvc.ViewFeatures.Filters.SaveTempDataFilter"]
2026-02-09 16:45:33.606 +03:00 [DBG] Execution plan of action filters (in the following order): ["Microsoft.AspNetCore.Mvc.ModelBinding.UnsupportedContentTypeFilter (Order: -3000)","Microsoft.AspNetCore.Mvc.Infrastructure.ModelStateInvalidFilter (Order: -2000)"]
2026-02-09 16:45:33.607 +03:00 [DBG] Execution plan of exception filters (in the following order): ["None"]
2026-02-09 16:45:33.608 +03:00 [DBG] Execution plan of result filters (in the following order): ["Microsoft.AspNetCore.Mvc.ViewFeatures.Filters.SaveTempDataFilter","Microsoft.AspNetCore.Mvc.Infrastructure.ClientErrorResultFilter (Order: -2000)"]
2026-02-09 16:45:33.609 +03:00 [DBG] Executing controller factory for controller Task_Management.Controllers.ApiController (Task Management)
2026-02-09 16:45:33.610 +03:00 [DBG] Executed controller factory for controller Task_Management.Controllers.ApiController (Task Management)
2026-02-09 16:45:33.610 +03:00 [DBG] Attempting to bind parameter 'statusid' of type 'System.Nullable`1[System.Int32]' ...
2026-02-09 16:45:33.611 +03:00 [DBG] Attempting to bind parameter 'statusid' of type 'System.Nullable`1[System.Int32]' using the name '' in request data ...
2026-02-09 16:45:33.612 +03:00 [DBG] Could not find a value in the request with name '' for binding parameter 'statusid' of type 'System.Nullable`1[System.Int32]'.
2026-02-09 16:45:33.613 +03:00 [DBG] Done attempting to bind parameter 'statusid' of type 'System.Nullable`1[System.Int32]'.
2026-02-09 16:45:33.613 +03:00 [DBG] Done attempting to bind parameter 'statusid' of type 'System.Nullable`1[System.Int32]'.
2026-02-09 16:45:33.614 +03:00 [DBG] Attempting to validate the bound parameter 'statusid' of type 'System.Nullable`1[System.Int32]' ...
2026-02-09 16:45:33.615 +03:00 [DBG] Done attempting to validate the bound parameter 'statusid' of type 'System.Nullable`1[System.Int32]'.
2026-02-09 16:45:33.616 +03:00 [INF] ["2026-02-09T13:45:33.6157838Z"] Успешно получено 11 задач.
2026-02-09 16:45:33.617 +03:00 [DBG] List of registered output formatters, in the following order: ["Microsoft.AspNetCore.Mvc.Formatters.HttpNoContentOutputFormatter","Microsoft.AspNetCore.Mvc.Formatters.StringOutputFormatter","Microsoft.AspNetCore.Mvc.Formatters.StreamOutputFormatter","Microsoft.AspNetCore.Mvc.Formatters.SystemTextJsonOutputFormatter"]
2026-02-09 16:45:33.618 +03:00 [DBG] No information found on request to perform content negotiation.
2026-02-09 16:45:33.618 +03:00 [DBG] Attempting to select an output formatter without using a content type as no explicit content types were specified for the response.
2026-02-09 16:45:33.618 +03:00 [DBG] Attempting to select the first formatter in the output formatters list which can write the result.
2026-02-09 16:45:33.619 +03:00 [DBG] Selected output formatter 'Microsoft.AspNetCore.Mvc.Formatters.SystemTextJsonOutputFormatter' and content type 'application/json' to write the response.
2026-02-09 16:45:33.619 +03:00 [INF] Executing OkObjectResult, writing value of type 'System.Collections.Generic.List`1[[Task_Management.Models.CurrentTask, Task Management, Version=1.0.0.0, Culture=neutral, PublicKeyToken=null]]'.
2026-02-09 16:45:33.620 +03:00 [INF] Executed action Task_Management.Controllers.ApiController.GetTasks (Task Management) in 11.5125ms
2026-02-09 16:45:33.621 +03:00 [INF] Executed endpoint 'Task_Management.Controllers.ApiController.GetTasks (Task Management)'
2026-02-09 16:45:33.622 +03:00 [INF] Request finished HTTP/2 GET https://localhost:7120/api/Api/GetTasks - 200 null application/json; charset=utf-8 25.1167ms
2026-02-09 16:45:35.573 +03:00 [INF] Request starting HTTP/2 DELETE https://localhost:7120/api/Api/DeleteTask/23 - null null
2026-02-09 16:45:35.574 +03:00 [DBG] DELETE requests are not supported
2026-02-09 16:45:35.574 +03:00 [DBG] 1 candidate(s) found for the request path '/api/Api/DeleteTask/23'
2026-02-09 16:45:35.575 +03:00 [DBG] Endpoint 'Task_Management.Controllers.ApiController.DeleteTask (Task Management)' with route pattern 'api/Api/DeleteTask/{task_id}' is valid for the request path '/api/Api/DeleteTask/23'
2026-02-09 16:45:35.576 +03:00 [DBG] Request matched endpoint 'Task_Management.Controllers.ApiController.DeleteTask (Task Management)'
2026-02-09 16:45:35.576 +03:00 [INF] Executing endpoint 'Task_Management.Controllers.ApiController.DeleteTask (Task Management)'
2026-02-09 16:45:35.578 +03:00 [INF] Route matched with {action = "DeleteTask", controller = "Api"}. Executing controller action with signature Microsoft.AspNetCore.Mvc.IActionResult DeleteTask(Int32) on controller Task_Management.Controllers.ApiController (Task Management).
2026-02-09 16:45:35.579 +03:00 [DBG] Execution plan of authorization filters (in the following order): ["None"]
2026-02-09 16:45:35.580 +03:00 [DBG] Execution plan of resource filters (in the following order): ["Microsoft.AspNetCore.Mvc.ViewFeatures.Filters.SaveTempDataFilter"]
2026-02-09 16:45:35.581 +03:00 [DBG] Execution plan of action filters (in the following order): ["Microsoft.AspNetCore.Mvc.ModelBinding.UnsupportedContentTypeFilter (Order: -3000)","Microsoft.AspNetCore.Mvc.Infrastructure.ModelStateInvalidFilter (Order: -2000)"]
2026-02-09 16:45:35.582 +03:00 [DBG] Execution plan of exception filters (in the following order): ["None"]
2026-02-09 16:45:35.583 +03:00 [DBG] Execution plan of result filters (in the following order): ["Microsoft.AspNetCore.Mvc.ViewFeatures.Filters.SaveTempDataFilter","Microsoft.AspNetCore.Mvc.Infrastructure.ClientErrorResultFilter (Order: -2000)"]
2026-02-09 16:45:35.584 +03:00 [DBG] Executing controller factory for controller Task_Management.Controllers.ApiController (Task Management)
2026-02-09 16:45:35.585 +03:00 [DBG] Executed controller factory for controller Task_Management.Controllers.ApiController (Task Management)
2026-02-09 16:45:35.585 +03:00 [DBG] Attempting to bind parameter 'task_id' of type 'System.Int32' ...
2026-02-09 16:45:35.586 +03:00 [DBG] Attempting to bind parameter 'task_id' of type 'System.Int32' using the name 'task_id' in request data ...
2026-02-09 16:45:35.587 +03:00 [DBG] Done attempting to bind parameter 'task_id' of type 'System.Int32'.
2026-02-09 16:45:35.588 +03:00 [DBG] Done attempting to bind parameter 'task_id' of type 'System.Int32'.
2026-02-09 16:45:35.589 +03:00 [DBG] Attempting to validate the bound parameter 'task_id' of type 'System.Int32' ...
2026-02-09 16:45:35.589 +03:00 [DBG] Done attempting to validate the bound parameter 'task_id' of type 'System.Int32'.
2026-02-09 16:45:35.593 +03:00 [INF] ["2026-02-09T13:45:35.5912720Z"] Задача с TaskID=23 успешно удалена.
2026-02-09 16:45:35.594 +03:00 [DBG] List of registered output formatters, in the following order: ["Microsoft.AspNetCore.Mvc.Formatters.HttpNoContentOutputFormatter","Microsoft.AspNetCore.Mvc.Formatters.StringOutputFormatter","Microsoft.AspNetCore.Mvc.Formatters.StreamOutputFormatter","Microsoft.AspNetCore.Mvc.Formatters.SystemTextJsonOutputFormatter"]
2026-02-09 16:45:35.595 +03:00 [DBG] No information found on request to perform content negotiation.
2026-02-09 16:45:35.596 +03:00 [DBG] Attempting to select an output formatter without using a content type as no explicit content types were specified for the response.
2026-02-09 16:45:35.596 +03:00 [DBG] Attempting to select the first formatter in the output formatters list which can write the result.
2026-02-09 16:45:35.596 +03:00 [DBG] Selected output formatter 'Microsoft.AspNetCore.Mvc.Formatters.StringOutputFormatter' and content type 'text/plain' to write the response.
2026-02-09 16:45:35.597 +03:00 [INF] Executing OkObjectResult, writing value of type 'System.String'.
2026-02-09 16:45:35.598 +03:00 [INF] Executed action Task_Management.Controllers.ApiController.DeleteTask (Task Management) in 14.3048ms
2026-02-09 16:45:35.599 +03:00 [INF] Executed endpoint 'Task_Management.Controllers.ApiController.DeleteTask (Task Management)'
2026-02-09 16:45:35.600 +03:00 [INF] Request finished HTTP/2 DELETE https://localhost:7120/api/Api/DeleteTask/23 - 200 null text/plain; charset=utf-8 27.0324ms
2026-02-09 16:45:36.554 +03:00 [INF] Request starting HTTP/2 GET https://localhost:7120/api/Api/GetTasks - null null
2026-02-09 16:45:36.556 +03:00 [DBG] The request path /api/Api/GetTasks does not match a supported file type
2026-02-09 16:45:36.556 +03:00 [DBG] 1 candidate(s) found for the request path '/api/Api/GetTasks'
2026-02-09 16:45:36.557 +03:00 [DBG] Endpoint 'Task_Management.Controllers.ApiController.GetTasks (Task Management)' with route pattern 'api/Api/GetTasks' is valid for the request path '/api/Api/GetTasks'
2026-02-09 16:45:36.558 +03:00 [DBG] Request matched endpoint 'Task_Management.Controllers.ApiController.GetTasks (Task Management)'
2026-02-09 16:45:36.558 +03:00 [INF] Executing endpoint 'Task_Management.Controllers.ApiController.GetTasks (Task Management)'
2026-02-09 16:45:36.559 +03:00 [INF] Route matched with {action = "GetTasks", controller = "Api"}. Executing controller action with signature Microsoft.AspNetCore.Mvc.IActionResult GetTasks(System.Nullable`1[System.Int32]) on controller Task_Management.Controllers.ApiController (Task Management).
2026-02-09 16:45:36.560 +03:00 [DBG] Execution plan of authorization filters (in the following order): ["None"]
2026-02-09 16:45:36.560 +03:00 [DBG] Execution plan of resource filters (in the following order): ["Microsoft.AspNetCore.Mvc.ViewFeatures.Filters.SaveTempDataFilter"]
2026-02-09 16:45:36.561 +03:00 [DBG] Execution plan of action filters (in the following order): ["Microsoft.AspNetCore.Mvc.ModelBinding.UnsupportedContentTypeFilter (Order: -3000)","Microsoft.AspNetCore.Mvc.Infrastructure.ModelStateInvalidFilter (Order: -2000)"]
2026-02-09 16:45:36.562 +03:00 [DBG] Execution plan of exception filters (in the following order): ["None"]
2026-02-09 16:45:36.563 +03:00 [DBG] Execution plan of result filters (in the following order): ["Microsoft.AspNetCore.Mvc.ViewFeatures.Filters.SaveTempDataFilter","Microsoft.AspNetCore.Mvc.Infrastructure.ClientErrorResultFilter (Order: -2000)"]
2026-02-09 16:45:36.563 +03:00 [DBG] Executing controller factory for controller Task_Management.Controllers.ApiController (Task Management)
2026-02-09 16:45:36.564 +03:00 [DBG] Executed controller factory for controller Task_Management.Controllers.ApiController (Task Management)
2026-02-09 16:45:36.565 +03:00 [DBG] Attempting to bind parameter 'statusid' of type 'System.Nullable`1[System.Int32]' ...
2026-02-09 16:45:36.566 +03:00 [DBG] Attempting to bind parameter 'statusid' of type 'System.Nullable`1[System.Int32]' using the name '' in request data ...
2026-02-09 16:45:36.566 +03:00 [DBG] Could not find a value in the request with name '' for binding parameter 'statusid' of type 'System.Nullable`1[System.Int32]'.
2026-02-09 16:45:36.567 +03:00 [DBG] Done attempting to bind parameter 'statusid' of type 'System.Nullable`1[System.Int32]'.
2026-02-09 16:45:36.567 +03:00 [DBG] Done attempting to bind parameter 'statusid' of type 'System.Nullable`1[System.Int32]'.
2026-02-09 16:45:36.568 +03:00 [DBG] Attempting to validate the bound parameter 'statusid' of type 'System.Nullable`1[System.Int32]' ...
2026-02-09 16:45:36.569 +03:00 [DBG] Done attempting to validate the bound parameter 'statusid' of type 'System.Nullable`1[System.Int32]'.
2026-02-09 16:45:36.570 +03:00 [INF] ["2026-02-09T13:45:36.5696653Z"] Успешно получено 10 задач.
2026-02-09 16:45:36.571 +03:00 [DBG] List of registered output formatters, in the following order: ["Microsoft.AspNetCore.Mvc.Formatters.HttpNoContentOutputFormatter","Microsoft.AspNetCore.Mvc.Formatters.StringOutputFormatter","Microsoft.AspNetCore.Mvc.Formatters.StreamOutputFormatter","Microsoft.AspNetCore.Mvc.Formatters.SystemTextJsonOutputFormatter"]
2026-02-09 16:45:36.572 +03:00 [DBG] No information found on request to perform content negotiation.
2026-02-09 16:45:36.572 +03:00 [DBG] Attempting to select an output formatter without using a content type as no explicit content types were specified for the response.
2026-02-09 16:45:36.572 +03:00 [DBG] Attempting to select the first formatter in the output formatters list which can write the result.
2026-02-09 16:45:36.573 +03:00 [DBG] Selected output formatter 'Microsoft.AspNetCore.Mvc.Formatters.SystemTextJsonOutputFormatter' and content type 'application/json' to write the response.
2026-02-09 16:45:36.574 +03:00 [INF] Executing OkObjectResult, writing value of type 'System.Collections.Generic.List`1[[Task_Management.Models.CurrentTask, Task Management, Version=1.0.0.0, Culture=neutral, PublicKeyToken=null]]'.
2026-02-09 16:45:36.574 +03:00 [INF] Executed action Task_Management.Controllers.ApiController.GetTasks (Task Management) in 10.896ms
2026-02-09 16:45:36.575 +03:00 [INF] Executed endpoint 'Task_Management.Controllers.ApiController.GetTasks (Task Management)'
2026-02-09 16:45:36.576 +03:00 [INF] Request finished HTTP/2 GET https://localhost:7120/api/Api/GetTasks - 200 null application/json; charset=utf-8 22.0104ms
2026-02-09 16:45:38.906 +03:00 [INF] Request starting HTTP/2 DELETE https://localhost:7120/api/Api/DeleteTask/24 - null null
2026-02-09 16:45:38.908 +03:00 [DBG] DELETE requests are not supported
2026-02-09 16:45:38.908 +03:00 [DBG] 1 candidate(s) found for the request path '/api/Api/DeleteTask/24'
2026-02-09 16:45:38.909 +03:00 [DBG] Endpoint 'Task_Management.Controllers.ApiController.DeleteTask (Task Management)' with route pattern 'api/Api/DeleteTask/{task_id}' is valid for the request path '/api/Api/DeleteTask/24'
2026-02-09 16:45:38.910 +03:00 [DBG] Request matched endpoint 'Task_Management.Controllers.ApiController.DeleteTask (Task Management)'
2026-02-09 16:45:38.911 +03:00 [INF] Executing endpoint 'Task_Management.Controllers.ApiController.DeleteTask (Task Management)'
2026-02-09 16:45:38.911 +03:00 [INF] Route matched with {action = "DeleteTask", controller = "Api"}. Executing controller action with signature Microsoft.AspNetCore.Mvc.IActionResult DeleteTask(Int32) on controller Task_Management.Controllers.ApiController (Task Management).
2026-02-09 16:45:38.912 +03:00 [DBG] Execution plan of authorization filters (in the following order): ["None"]
2026-02-09 16:45:38.913 +03:00 [DBG] Execution plan of resource filters (in the following order): ["Microsoft.AspNetCore.Mvc.ViewFeatures.Filters.SaveTempDataFilter"]
2026-02-09 16:45:38.913 +03:00 [DBG] Execution plan of action filters (in the following order): ["Microsoft.AspNetCore.Mvc.ModelBinding.UnsupportedContentTypeFilter (Order: -3000)","Microsoft.AspNetCore.Mvc.Infrastructure.ModelStateInvalidFilter (Order: -2000)"]
2026-02-09 16:45:38.914 +03:00 [DBG] Execution plan of exception filters (in the following order): ["None"]
2026-02-09 16:45:38.915 +03:00 [DBG] Execution plan of result filters (in the following order): ["Microsoft.AspNetCore.Mvc.ViewFeatures.Filters.SaveTempDataFilter","Microsoft.AspNetCore.Mvc.Infrastructure.ClientErrorResultFilter (Order: -2000)"]
2026-02-09 16:45:38.916 +03:00 [DBG] Executing controller factory for controller Task_Management.Controllers.ApiController (Task Management)
2026-02-09 16:45:38.917 +03:00 [DBG] Executed controller factory for controller Task_Management.Controllers.ApiController (Task Management)
2026-02-09 16:45:38.917 +03:00 [DBG] Attempting to bind parameter 'task_id' of type 'System.Int32' ...
2026-02-09 16:45:38.918 +03:00 [DBG] Attempting to bind parameter 'task_id' of type 'System.Int32' using the name 'task_id' in request data ...
2026-02-09 16:45:38.919 +03:00 [DBG] Done attempting to bind parameter 'task_id' of type 'System.Int32'.
2026-02-09 16:45:38.919 +03:00 [DBG] Done attempting to bind parameter 'task_id' of type 'System.Int32'.
2026-02-09 16:45:38.920 +03:00 [DBG] Attempting to validate the bound parameter 'task_id' of type 'System.Int32' ...
2026-02-09 16:45:38.921 +03:00 [DBG] Done attempting to validate the bound parameter 'task_id' of type 'System.Int32'.
2026-02-09 16:45:38.922 +03:00 [INF] ["2026-02-09T13:45:38.9219968Z"] Задача с TaskID=24 успешно удалена.
2026-02-09 16:45:38.923 +03:00 [DBG] List of registered output formatters, in the following order: ["Microsoft.AspNetCore.Mvc.Formatters.HttpNoContentOutputFormatter","Microsoft.AspNetCore.Mvc.Formatters.StringOutputFormatter","Microsoft.AspNetCore.Mvc.Formatters.StreamOutputFormatter","Microsoft.AspNetCore.Mvc.Formatters.SystemTextJsonOutputFormatter"]
2026-02-09 16:45:38.924 +03:00 [DBG] No information found on request to perform content negotiation.
2026-02-09 16:45:38.925 +03:00 [DBG] Attempting to select an output formatter without using a content type as no explicit content types were specified for the response.
2026-02-09 16:45:38.925 +03:00 [DBG] Attempting to select the first formatter in the output formatters list which can write the result.
2026-02-09 16:45:38.926 +03:00 [DBG] Selected output formatter 'Microsoft.AspNetCore.Mvc.Formatters.StringOutputFormatter' and content type 'text/plain' to write the response.
2026-02-09 16:45:38.926 +03:00 [INF] Executing OkObjectResult, writing value of type 'System.String'.
2026-02-09 16:45:38.927 +03:00 [INF] Executed action Task_Management.Controllers.ApiController.DeleteTask (Task Management) in 11.0243ms
2026-02-09 16:45:38.928 +03:00 [INF] Executed endpoint 'Task_Management.Controllers.ApiController.DeleteTask (Task Management)'
2026-02-09 16:45:38.929 +03:00 [INF] Request finished HTTP/2 DELETE https://localhost:7120/api/Api/DeleteTask/24 - 200 null text/plain; charset=utf-8 22.1703ms
2026-02-09 16:45:39.557 +03:00 [INF] Request starting HTTP/2 GET https://localhost:7120/api/Api/GetTasks - null null
2026-02-09 16:45:39.558 +03:00 [DBG] The request path /api/Api/GetTasks does not match a supported file type
2026-02-09 16:45:39.559 +03:00 [DBG] 1 candidate(s) found for the request path '/api/Api/GetTasks'
2026-02-09 16:45:39.560 +03:00 [DBG] Endpoint 'Task_Management.Controllers.ApiController.GetTasks (Task Management)' with route pattern 'api/Api/GetTasks' is valid for the request path '/api/Api/GetTasks'
2026-02-09 16:45:39.561 +03:00 [DBG] Request matched endpoint 'Task_Management.Controllers.ApiController.GetTasks (Task Management)'
2026-02-09 16:45:39.561 +03:00 [INF] Executing endpoint 'Task_Management.Controllers.ApiController.GetTasks (Task Management)'
2026-02-09 16:45:39.562 +03:00 [INF] Route matched with {action = "GetTasks", controller = "Api"}. Executing controller action with signature Microsoft.AspNetCore.Mvc.IActionResult GetTasks(System.Nullable`1[System.Int32]) on controller Task_Management.Controllers.ApiController (Task Management).
2026-02-09 16:45:39.563 +03:00 [DBG] Execution plan of authorization filters (in the following order): ["None"]
2026-02-09 16:45:39.564 +03:00 [DBG] Execution plan of resource filters (in the following order): ["Microsoft.AspNetCore.Mvc.ViewFeatures.Filters.SaveTempDataFilter"]
2026-02-09 16:45:39.565 +03:00 [DBG] Execution plan of action filters (in the following order): ["Microsoft.AspNetCore.Mvc.ModelBinding.UnsupportedContentTypeFilter (Order: -3000)","Microsoft.AspNetCore.Mvc.Infrastructure.ModelStateInvalidFilter (Order: -2000)"]
2026-02-09 16:45:39.566 +03:00 [DBG] Execution plan of exception filters (in the following order): ["None"]
2026-02-09 16:45:39.567 +03:00 [DBG] Execution plan of result filters (in the following order): ["Microsoft.AspNetCore.Mvc.ViewFeatures.Filters.SaveTempDataFilter","Microsoft.AspNetCore.Mvc.Infrastructure.ClientErrorResultFilter (Order: -2000)"]
2026-02-09 16:45:39.568 +03:00 [DBG] Executing controller factory for controller Task_Management.Controllers.ApiController (Task Management)
2026-02-09 16:45:39.568 +03:00 [DBG] Executed controller factory for controller Task_Management.Controllers.ApiController (Task Management)
2026-02-09 16:45:39.569 +03:00 [DBG] Attempting to bind parameter 'statusid' of type 'System.Nullable`1[System.Int32]' ...
2026-02-09 16:45:39.569 +03:00 [DBG] Attempting to bind parameter 'statusid' of type 'System.Nullable`1[System.Int32]' using the name '' in request data ...
2026-02-09 16:45:39.571 +03:00 [DBG] Could not find a value in the request with name '' for binding parameter 'statusid' of type 'System.Nullable`1[System.Int32]'.
2026-02-09 16:45:39.571 +03:00 [DBG] Done attempting to bind parameter 'statusid' of type 'System.Nullable`1[System.Int32]'.
2026-02-09 16:45:39.572 +03:00 [DBG] Done attempting to bind parameter 'statusid' of type 'System.Nullable`1[System.Int32]'.
2026-02-09 16:45:39.573 +03:00 [DBG] Attempting to validate the bound parameter 'statusid' of type 'System.Nullable`1[System.Int32]' ...
2026-02-09 16:45:39.573 +03:00 [DBG] Done attempting to validate the bound parameter 'statusid' of type 'System.Nullable`1[System.Int32]'.
2026-02-09 16:45:39.574 +03:00 [INF] ["2026-02-09T13:45:39.5742560Z"] Успешно получено 9 задач.
2026-02-09 16:45:39.575 +03:00 [DBG] List of registered output formatters, in the following order: ["Microsoft.AspNetCore.Mvc.Formatters.HttpNoContentOutputFormatter","Microsoft.AspNetCore.Mvc.Formatters.StringOutputFormatter","Microsoft.AspNetCore.Mvc.Formatters.StreamOutputFormatter","Microsoft.AspNetCore.Mvc.Formatters.SystemTextJsonOutputFormatter"]
2026-02-09 16:45:39.576 +03:00 [DBG] No information found on request to perform content negotiation.
2026-02-09 16:45:39.577 +03:00 [DBG] Attempting to select an output formatter without using a content type as no explicit content types were specified for the response.
2026-02-09 16:45:39.577 +03:00 [DBG] Attempting to select the first formatter in the output formatters list which can write the result.
2026-02-09 16:45:39.577 +03:00 [DBG] Selected output formatter 'Microsoft.AspNetCore.Mvc.Formatters.SystemTextJsonOutputFormatter' and content type 'application/json' to write the response.
2026-02-09 16:45:39.578 +03:00 [INF] Executing OkObjectResult, writing value of type 'System.Collections.Generic.List`1[[Task_Management.Models.CurrentTask, Task Management, Version=1.0.0.0, Culture=neutral, PublicKeyToken=null]]'.
2026-02-09 16:45:39.579 +03:00 [INF] Executed action Task_Management.Controllers.ApiController.GetTasks (Task Management) in 11.0016ms
2026-02-09 16:45:39.579 +03:00 [INF] Executed endpoint 'Task_Management.Controllers.ApiController.GetTasks (Task Management)'
2026-02-09 16:45:39.580 +03:00 [INF] Request finished HTTP/2 GET https://localhost:7120/api/Api/GetTasks - 200 null application/json; charset=utf-8 22.9385ms
